Flow report for EX_computer1
Wed Oct 25 15:04:11 2017
Quartus II 64-Bit Version 13.0.0 Build 156 04/24/2013 SJ Full Version


---------------------
; Table of Contents ;
---------------------
  1. Legal Notice
  2. Flow Summary
  3. Flow Settings
  4. Flow Non-Default Global Settings
  5. Flow Elapsed Time
  6. Flow OS Summary
  7. Flow Log
  8. Flow Messages
  9. Flow Suppressed Messages



----------------
; Legal Notice ;
----------------
Copyright (C) 1991-2013 Altera Corporation
Your use of Altera Corporation's design tools, logic functions 
and other software and tools, and its AMPP partner logic 
functions, and any output files from any of the foregoing 
(including device programming or simulation files), and any 
associated documentation or information are expressly subject 
to the terms and conditions of the Altera Program License 
Subscription Agreement, Altera MegaCore Function License 
Agreement, or other applicable license agreement, including, 
without limitation, that your use is for the sole purpose of 
programming logic devices manufactured by Altera and sold by 
Altera or its authorized distributors.  Please refer to the 
applicable agreement for further details.



+----------------------------------------------------------------------------------+
; Flow Summary                                                                     ;
+------------------------------------+---------------------------------------------+
; Flow Status                        ; Successful - Wed Oct 25 15:04:11 2017       ;
; Quartus II 64-Bit Version          ; 13.0.0 Build 156 04/24/2013 SJ Full Version ;
; Revision Name                      ; EX_computer1                                ;
; Top-level Entity Name              ; test_computer                               ;
; Family                             ; Cyclone II                                  ;
; Device                             ; EP2C5Q208C8                                 ;
; Timing Models                      ; Final                                       ;
; Total logic elements               ; 2,118 / 4,608 ( 46 % )                      ;
;     Total combinational functions  ; 1,270 / 4,608 ( 28 % )                      ;
;     Dedicated logic registers      ; 1,504 / 4,608 ( 33 % )                      ;
; Total registers                    ; 1504                                        ;
; Total pins                         ; 106 / 142 ( 75 % )                          ;
; Total virtual pins                 ; 0                                           ;
; Total memory bits                  ; 16,640 / 119,808 ( 14 % )                   ;
; Embedded Multiplier 9-bit elements ; 0 / 26 ( 0 % )                              ;
; Total PLLs                         ; 0 / 2 ( 0 % )                               ;
+------------------------------------+---------------------------------------------+


+-----------------------------------------+
; Flow Settings                           ;
+-------------------+---------------------+
; Option            ; Setting             ;
+-------------------+---------------------+
; Start date & time ; 10/25/2017 11:00:31 ;
; Main task         ; Compilation         ;
; Revision Name     ; EX_computer1        ;
+-------------------+---------------------+


+----------------------------------------------------------------------------------------------------------------------------------+
; Flow Non-Default Global Settings                                                                                                 ;
+--------------------------------------+------------------------------------------+---------------+---------------+----------------+
; Assignment Name                      ; Value                                    ; Default Value ; Entity Name   ; Section Id     ;
+--------------------------------------+------------------------------------------+---------------+---------------+----------------+
; COMPILER_SIGNATURE_ID                ; 192277377991554.150890043004660          ; --            ; --            ; --             ;
; EDA_DESIGN_INSTANCE_NAME             ; NA                                       ; --            ; --            ; lp_ram_tb      ;
; EDA_DESIGN_INSTANCE_NAME             ; NA                                       ; --            ; --            ; IO_PORT_tb     ;
; EDA_DESIGN_INSTANCE_NAME             ; NA                                       ; --            ; --            ; Flag_tb        ;
; EDA_DESIGN_INSTANCE_NAME             ; NA                                       ; --            ; --            ; ctrlunit       ;
; EDA_DESIGN_INSTANCE_NAME             ; NA                                       ; --            ; --            ; instrconunit   ;
; EDA_DESIGN_INSTANCE_NAME             ; NA                                       ; --            ; --            ; test_computer  ;
; EDA_GENERATE_FUNCTIONAL_NETLIST      ; On                                       ; --            ; --            ; eda_simulation ;
; EDA_NATIVELINK_SIMULATION_TEST_BENCH ; instrconunit                             ; --            ; --            ; eda_simulation ;
; EDA_OUTPUT_DATA_FORMAT               ; Verilog Hdl                              ; --            ; --            ; eda_simulation ;
; EDA_SIMULATION_TOOL                  ; ModelSim-Altera (Verilog)                ; <None>        ; --            ; --             ;
; EDA_TEST_BENCH_ENABLE_STATUS         ; TEST_BENCH_MODE                          ; --            ; --            ; eda_simulation ;
; EDA_TEST_BENCH_FILE                  ; CPUModule_Verilog/testbench/lp_ram_tb.v  ; --            ; --            ; lp_ram_tb      ;
; EDA_TEST_BENCH_FILE                  ; CPUModule_Verilog/testbench/IO_PORT_tb.v ; --            ; --            ; IO_PORT_tb     ;
; EDA_TEST_BENCH_FILE                  ; Flag_tb.v                                ; --            ; --            ; Flag_tb        ;
; EDA_TEST_BENCH_FILE                  ; simulation/modelsim/ctrlunit.vt          ; --            ; --            ; ctrlunit       ;
; EDA_TEST_BENCH_FILE                  ; simulation/modelsim/instrconunit.vt      ; --            ; --            ; instrconunit   ;
; EDA_TEST_BENCH_FILE                  ; simulation/modelsim/test_computer.vt     ; --            ; --            ; test_computer  ;
; EDA_TEST_BENCH_MODULE_NAME           ; lp_ram_tb                                ; --            ; --            ; lp_ram_tb      ;
; EDA_TEST_BENCH_MODULE_NAME           ; IO_PORT_tb                               ; --            ; --            ; IO_PORT_tb     ;
; EDA_TEST_BENCH_MODULE_NAME           ; Flag_tb                                  ; --            ; --            ; Flag_tb        ;
; EDA_TEST_BENCH_MODULE_NAME           ; ctrlunit_vlg_tst                         ; --            ; --            ; ctrlunit       ;
; EDA_TEST_BENCH_MODULE_NAME           ; instrconunit_vlg_tst                     ; --            ; --            ; instrconunit   ;
; EDA_TEST_BENCH_MODULE_NAME           ; test_computer_vlg_tst                    ; --            ; --            ; test_computer  ;
; EDA_TEST_BENCH_NAME                  ; lp_ram_tb                                ; --            ; --            ; eda_simulation ;
; EDA_TEST_BENCH_NAME                  ; IO_PORT_tb                               ; --            ; --            ; eda_simulation ;
; EDA_TEST_BENCH_NAME                  ; Flag_tb                                  ; --            ; --            ; eda_simulation ;
; EDA_TEST_BENCH_NAME                  ; ctrlunit                                 ; --            ; --            ; eda_simulation ;
; EDA_TEST_BENCH_NAME                  ; instrconunit                             ; --            ; --            ; eda_simulation ;
; EDA_TEST_BENCH_NAME                  ; test_computer                            ; --            ; --            ; eda_simulation ;
; EDA_TEST_BENCH_RUN_SIM_FOR           ; 1 ms                                     ; --            ; --            ; lp_ram_tb      ;
; EDA_TEST_BENCH_RUN_SIM_FOR           ; 1 ms                                     ; --            ; --            ; IO_PORT_tb     ;
; EDA_TEST_BENCH_RUN_SIM_FOR           ; 1 ms                                     ; --            ; --            ; Flag_tb        ;
; EDA_TEST_BENCH_RUN_SIM_FOR           ; 1 ns                                     ; --            ; --            ; ctrlunit       ;
; EDA_TEST_BENCH_RUN_SIM_FOR           ; 1 ns                                     ; --            ; --            ; instrconunit   ;
; EDA_TEST_BENCH_RUN_SIM_FOR           ; 1 us                                     ; --            ; --            ; test_computer  ;
; EDA_TIME_SCALE                       ; 1 ps                                     ; --            ; --            ; eda_simulation ;
; MAX_CORE_JUNCTION_TEMP               ; 85                                       ; --            ; --            ; --             ;
; MIN_CORE_JUNCTION_TEMP               ; 0                                        ; --            ; --            ; --             ;
; PARTITION_COLOR                      ; 16764057                                 ; --            ; test_computer ; Top            ;
; PARTITION_FITTER_PRESERVATION_LEVEL  ; PLACEMENT_AND_ROUTING                    ; --            ; test_computer ; Top            ;
; PARTITION_NETLIST_TYPE               ; SOURCE                                   ; --            ; test_computer ; Top            ;
; POWER_BOARD_THERMAL_MODEL            ; None (CONSERVATIVE)                      ; --            ; --            ; --             ;
; POWER_PRESET_COOLING_SOLUTION        ; 23 MM HEAT SINK WITH 200 LFPM AIRFLOW    ; --            ; --            ; --             ;
; PROJECT_OUTPUT_DIRECTORY             ; output_files                             ; --            ; --            ; --             ;
; TOP_LEVEL_ENTITY                     ; test_computer                            ; EX_computer1  ; --            ; --             ;
+--------------------------------------+------------------------------------------+---------------+---------------+----------------+


+-------------------------------------------------------------------------------------------------------------------------------+
; Flow Elapsed Time                                                                                                             ;
+---------------------------+--------------+-------------------------+---------------------+------------------------------------+
; Module Name               ; Elapsed Time ; Average Processors Used ; Peak Virtual Memory ; Total CPU Time (on all processors) ;
+---------------------------+--------------+-------------------------+---------------------+------------------------------------+
; Analysis & Synthesis      ; 00:00:17     ; 1.0                     ; 536 MB              ; 00:00:17                           ;
; Fitter                    ; 00:00:45     ; 1.3                     ; 809 MB              ; 00:00:53                           ;
; Assembler                 ; 00:00:01     ; 1.0                     ; 438 MB              ; 00:00:01                           ;
; TimeQuest Timing Analyzer ; 00:00:02     ; 1.0                     ; 475 MB              ; 00:00:02                           ;
; EDA Netlist Writer        ; 00:00:01     ; 1.0                     ; 419 MB              ; 00:00:01                           ;
; EDA Netlist Writer        ; 00:00:01     ; 1.0                     ; 422 MB              ; 00:00:01                           ;
; EDA Netlist Writer        ; 00:00:02     ; 1.0                     ; 422 MB              ; 00:00:01                           ;
; EDA Netlist Writer        ; 00:00:01     ; 1.0                     ; 406 MB              ; 00:00:01                           ;
; EDA Netlist Writer        ; 00:00:02     ; 1.0                     ; 422 MB              ; 00:00:01                           ;
; Analysis & Synthesis      ; 00:00:10     ; 1.3                     ; 554 MB              ; 00:00:09                           ;
; Partition Merge           ; 00:00:02     ; 1.0                     ; 486 MB              ; 00:00:02                           ;
; Fitter                    ; 00:00:10     ; 1.0                     ; 760 MB              ; 00:00:09                           ;
; Analysis & Synthesis      ; 00:00:08     ; 1.4                     ; 551 MB              ; 00:00:08                           ;
; Partition Merge           ; 00:00:01     ; 1.0                     ; 486 MB              ; 00:00:01                           ;
; Fitter                    ; 00:00:08     ; 1.0                     ; 756 MB              ; 00:00:08                           ;
; Analysis & Synthesis      ; 00:00:08     ; 1.4                     ; 551 MB              ; 00:00:08                           ;
; Partition Merge           ; 00:00:01     ; 1.0                     ; 491 MB              ; 00:00:01                           ;
; Analysis & Synthesis      ; 00:00:07     ; 1.3                     ; 551 MB              ; 00:00:08                           ;
; Partition Merge           ; 00:00:01     ; 1.0                     ; 486 MB              ; 00:00:01                           ;
; Fitter                    ; 00:00:15     ; 1.1                     ; 811 MB              ; 00:00:17                           ;
; Assembler                 ; 00:00:01     ; 1.0                     ; 439 MB              ; 00:00:01                           ;
; TimeQuest Timing Analyzer ; 00:00:02     ; 1.0                     ; 468 MB              ; 00:00:01                           ;
; EDA Netlist Writer        ; 00:00:01     ; 1.0                     ; 419 MB              ; 00:00:01                           ;
; Analysis & Synthesis      ; 00:00:08     ; 1.3                     ; 554 MB              ; 00:00:08                           ;
; Partition Merge           ; 00:00:02     ; 1.0                     ; 486 MB              ; 00:00:02                           ;
; Fitter                    ; 00:00:36     ; 1.1                     ; 814 MB              ; 00:00:38                           ;
; Assembler                 ; 00:00:01     ; 1.0                     ; 439 MB              ; 00:00:01                           ;
; TimeQuest Timing Analyzer ; 00:00:01     ; 1.0                     ; 474 MB              ; 00:00:01                           ;
; EDA Netlist Writer        ; 00:00:02     ; 1.0                     ; 416 MB              ; 00:00:01                           ;
; Analysis & Synthesis      ; 00:00:06     ; 1.4                     ; 529 MB              ; 00:00:06                           ;
; Analysis & Synthesis      ; 00:00:04     ; 1.0                     ; 530 MB              ; 00:00:03                           ;
; Analysis & Synthesis      ; 00:00:05     ; 1.4                     ; 530 MB              ; 00:00:06                           ;
; Analysis & Synthesis      ; 00:00:09     ; 1.6                     ; 537 MB              ; 00:00:09                           ;
; Partition Merge           ; 00:00:02     ; 1.0                     ; 471 MB              ; 00:00:01                           ;
; Fitter                    ; 00:00:07     ; 1.0                     ; 795 MB              ; 00:00:08                           ;
; Assembler                 ; 00:00:01     ; 1.0                     ; 419 MB              ; 00:00:01                           ;
; TimeQuest Timing Analyzer ; 00:00:01     ; 1.0                     ; 439 MB              ; 00:00:01                           ;
; EDA Netlist Writer        ; 00:00:01     ; 1.0                     ; 392 MB              ; 00:00:01                           ;
; Analysis & Synthesis      ; 00:00:07     ; 1.3                     ; 554 MB              ; 00:00:08                           ;
; Partition Merge           ; 00:00:01     ; 1.0                     ; 474 MB              ; 00:00:01                           ;
; Fitter                    ; 00:00:07     ; 1.0                     ; 794 MB              ; 00:00:07                           ;
; Assembler                 ; 00:00:01     ; 1.0                     ; 433 MB              ; 00:00:01                           ;
; TimeQuest Timing Analyzer ; 00:00:01     ; 1.0                     ; 435 MB              ; 00:00:01                           ;
; EDA Netlist Writer        ; 00:00:01     ; 1.0                     ; 397 MB              ; 00:00:01                           ;
; Analysis & Synthesis      ; 00:00:09     ; 1.5                     ; 554 MB              ; 00:00:10                           ;
; Analysis & Synthesis      ; 00:00:05     ; 1.0                     ; 552 MB              ; 00:00:04                           ;
; Analysis & Synthesis      ; 00:00:04     ; 1.0                     ; 552 MB              ; 00:00:04                           ;
; Analysis & Synthesis      ; 00:00:04     ; 1.0                     ; 552 MB              ; 00:00:04                           ;
; Partition Merge           ; 00:00:01     ; 1.0                     ; 474 MB              ; 00:00:01                           ;
; Fitter                    ; 00:00:07     ; 1.0                     ; 800 MB              ; 00:00:08                           ;
; Assembler                 ; 00:00:01     ; 1.0                     ; 433 MB              ; 00:00:01                           ;
; TimeQuest Timing Analyzer ; 00:00:01     ; 1.0                     ; 435 MB              ; 00:00:01                           ;
; EDA Netlist Writer        ; 00:00:01     ; 1.0                     ; 397 MB              ; 00:00:01                           ;
; Analysis & Synthesis      ; 00:00:09     ; 1.4                     ; 557 MB              ; 00:00:10                           ;
; Partition Merge           ; 00:00:01     ; 1.0                     ; 475 MB              ; 00:00:01                           ;
; Fitter                    ; 00:00:08     ; 1.1                     ; 804 MB              ; 00:00:09                           ;
; Assembler                 ; 00:00:01     ; 1.0                     ; 427 MB              ; 00:00:01                           ;
; TimeQuest Timing Analyzer ; 00:00:02     ; 1.0                     ; 454 MB              ; 00:00:01                           ;
; EDA Netlist Writer        ; 00:00:01     ; 1.0                     ; 409 MB              ; 00:00:01                           ;
; Analysis & Synthesis      ; 00:00:06     ; 1.4                     ; 541 MB              ; 00:00:06                           ;
; Analysis & Synthesis      ; 00:00:08     ; 1.4                     ; 553 MB              ; 00:00:09                           ;
; Partition Merge           ; 00:00:01     ; 1.0                     ; 471 MB              ; 00:00:01                           ;
; Fitter                    ; 00:00:08     ; 1.1                     ; 801 MB              ; 00:00:09                           ;
; Assembler                 ; 00:00:01     ; 1.0                     ; 427 MB              ; 00:00:01                           ;
; TimeQuest Timing Analyzer ; 00:00:01     ; 1.0                     ; 454 MB              ; 00:00:01                           ;
; EDA Netlist Writer        ; 00:00:01     ; 1.0                     ; 409 MB              ; 00:00:01                           ;
; Analysis & Synthesis      ; 00:00:06     ; 1.4                     ; 529 MB              ; 00:00:06                           ;
; Analysis & Synthesis      ; 00:00:09     ; 1.5                     ; 553 MB              ; 00:00:10                           ;
; Partition Merge           ; 00:00:01     ; 1.0                     ; 470 MB              ; 00:00:01                           ;
; Fitter                    ; 00:00:08     ; 1.3                     ; 797 MB              ; 00:00:09                           ;
; Assembler                 ; 00:00:00     ; 1.0                     ; 427 MB              ; 00:00:01                           ;
; TimeQuest Timing Analyzer ; 00:00:01     ; 1.0                     ; 447 MB              ; 00:00:01                           ;
; EDA Netlist Writer        ; 00:00:01     ; 1.0                     ; 409 MB              ; 00:00:01                           ;
; Analysis & Synthesis      ; 00:00:06     ; 1.4                     ; 533 MB              ; 00:00:07                           ;
; Analysis & Synthesis      ; 00:00:09     ; 1.5                     ; 553 MB              ; 00:00:09                           ;
; Partition Merge           ; 00:00:01     ; 1.0                     ; 471 MB              ; 00:00:01                           ;
; Fitter                    ; 00:00:08     ; 1.1                     ; 801 MB              ; 00:00:09                           ;
; Assembler                 ; 00:00:01     ; 1.0                     ; 427 MB              ; 00:00:01                           ;
; TimeQuest Timing Analyzer ; 00:00:01     ; 1.0                     ; 447 MB              ; 00:00:01                           ;
; EDA Netlist Writer        ; 00:00:00     ; 1.0                     ; 409 MB              ; 00:00:01                           ;
; Analysis & Synthesis      ; 00:00:06     ; 1.3                     ; 541 MB              ; 00:00:07                           ;
; Analysis & Synthesis      ; 00:00:09     ; 1.5                     ; 553 MB              ; 00:00:10                           ;
; Partition Merge           ; 00:00:01     ; 1.0                     ; 471 MB              ; 00:00:01                           ;
; Fitter                    ; 00:00:09     ; 1.3                     ; 797 MB              ; 00:00:10                           ;
; Assembler                 ; 00:00:01     ; 1.0                     ; 427 MB              ; 00:00:01                           ;
; TimeQuest Timing Analyzer ; 00:00:01     ; 1.0                     ; 447 MB              ; 00:00:01                           ;
; EDA Netlist Writer        ; 00:00:01     ; 1.0                     ; 409 MB              ; 00:00:01                           ;
; Total                     ; 00:06:52     ; --                      ; --                  ; 00:07:13                           ;
+---------------------------+--------------+-------------------------+---------------------+------------------------------------+


+----------------------------------------------------------------------------------------+
; Flow OS Summary                                                                        ;
+---------------------------+------------------+-----------+------------+----------------+
; Module Name               ; Machine Hostname ; OS Name   ; OS Version ; Processor type ;
+---------------------------+------------------+-----------+------------+----------------+
; Analysis & Synthesis      ; baozi            ; Windows 7 ; 6.2        ; x86_64         ;
; Fitter                    ; baozi            ; Windows 7 ; 6.2        ; x86_64         ;
; Assembler                 ; baozi            ; Windows 7 ; 6.2        ; x86_64         ;
; TimeQuest Timing Analyzer ; baozi            ; Windows 7 ; 6.2        ; x86_64         ;
; EDA Netlist Writer        ; baozi            ; Windows 7 ; 6.2        ; x86_64         ;
; EDA Netlist Writer        ; baozi            ; Windows 7 ; 6.2        ; x86_64         ;
; EDA Netlist Writer        ; baozi            ; Windows 7 ; 6.2        ; x86_64         ;
; EDA Netlist Writer        ; baozi            ; Windows 7 ; 6.2        ; x86_64         ;
; EDA Netlist Writer        ; baozi            ; Windows 7 ; 6.2        ; x86_64         ;
; Analysis & Synthesis      ; baozi            ; Windows 7 ; 6.2        ; x86_64         ;
; Partition Merge           ; baozi            ; Windows 7 ; 6.2        ; x86_64         ;
; Fitter                    ; baozi            ; Windows 7 ; 6.2        ; x86_64         ;
; Analysis & Synthesis      ; baozi            ; Windows 7 ; 6.2        ; x86_64         ;
; Partition Merge           ; baozi            ; Windows 7 ; 6.2        ; x86_64         ;
; Fitter                    ; baozi            ; Windows 7 ; 6.2        ; x86_64         ;
; Analysis & Synthesis      ; baozi            ; Windows 7 ; 6.2        ; x86_64         ;
; Partition Merge           ; baozi            ; Windows 7 ; 6.2        ; x86_64         ;
; Analysis & Synthesis      ; baozi            ; Windows 7 ; 6.2        ; x86_64         ;
; Partition Merge           ; baozi            ; Windows 7 ; 6.2        ; x86_64         ;
; Fitter                    ; baozi            ; Windows 7 ; 6.2        ; x86_64         ;
; Assembler                 ; baozi            ; Windows 7 ; 6.2        ; x86_64         ;
; TimeQuest Timing Analyzer ; baozi            ; Windows 7 ; 6.2        ; x86_64         ;
; EDA Netlist Writer        ; baozi            ; Windows 7 ; 6.2        ; x86_64         ;
; Analysis & Synthesis      ; baozi            ; Windows 7 ; 6.2        ; x86_64         ;
; Partition Merge           ; baozi            ; Windows 7 ; 6.2        ; x86_64         ;
; Fitter                    ; baozi            ; Windows 7 ; 6.2        ; x86_64         ;
; Assembler                 ; baozi            ; Windows 7 ; 6.2        ; x86_64         ;
; TimeQuest Timing Analyzer ; baozi            ; Windows 7 ; 6.2        ; x86_64         ;
; EDA Netlist Writer        ; baozi            ; Windows 7 ; 6.2        ; x86_64         ;
; Analysis & Synthesis      ; baozi            ; Windows 7 ; 6.2        ; x86_64         ;
; Analysis & Synthesis      ; baozi            ; Windows 7 ; 6.2        ; x86_64         ;
; Analysis & Synthesis      ; baozi            ; Windows 7 ; 6.2        ; x86_64         ;
; Analysis & Synthesis      ; baozi            ; Windows 7 ; 6.2        ; x86_64         ;
; Partition Merge           ; baozi            ; Windows 7 ; 6.2        ; x86_64         ;
; Fitter                    ; baozi            ; Windows 7 ; 6.2        ; x86_64         ;
; Assembler                 ; baozi            ; Windows 7 ; 6.2        ; x86_64         ;
; TimeQuest Timing Analyzer ; baozi            ; Windows 7 ; 6.2        ; x86_64         ;
; EDA Netlist Writer        ; baozi            ; Windows 7 ; 6.2        ; x86_64         ;
; Analysis & Synthesis      ; baozi            ; Windows 7 ; 6.2        ; x86_64         ;
; Partition Merge           ; baozi            ; Windows 7 ; 6.2        ; x86_64         ;
; Fitter                    ; baozi            ; Windows 7 ; 6.2        ; x86_64         ;
; Assembler                 ; baozi            ; Windows 7 ; 6.2        ; x86_64         ;
; TimeQuest Timing Analyzer ; baozi            ; Windows 7 ; 6.2        ; x86_64         ;
; EDA Netlist Writer        ; baozi            ; Windows 7 ; 6.2        ; x86_64         ;
; Analysis & Synthesis      ; baozi            ; Windows 7 ; 6.2        ; x86_64         ;
; Analysis & Synthesis      ; baozi            ; Windows 7 ; 6.2        ; x86_64         ;
; Analysis & Synthesis      ; baozi            ; Windows 7 ; 6.2        ; x86_64         ;
; Analysis & Synthesis      ; baozi            ; Windows 7 ; 6.2        ; x86_64         ;
; Partition Merge           ; baozi            ; Windows 7 ; 6.2        ; x86_64         ;
; Fitter                    ; baozi            ; Windows 7 ; 6.2        ; x86_64         ;
; Assembler                 ; baozi            ; Windows 7 ; 6.2        ; x86_64         ;
; TimeQuest Timing Analyzer ; baozi            ; Windows 7 ; 6.2        ; x86_64         ;
; EDA Netlist Writer        ; baozi            ; Windows 7 ; 6.2        ; x86_64         ;
; Analysis & Synthesis      ; baozi            ; Windows 7 ; 6.2        ; x86_64         ;
; Partition Merge           ; baozi            ; Windows 7 ; 6.2        ; x86_64         ;
; Fitter                    ; baozi            ; Windows 7 ; 6.2        ; x86_64         ;
; Assembler                 ; baozi            ; Windows 7 ; 6.2        ; x86_64         ;
; TimeQuest Timing Analyzer ; baozi            ; Windows 7 ; 6.2        ; x86_64         ;
; EDA Netlist Writer        ; baozi            ; Windows 7 ; 6.2        ; x86_64         ;
; Analysis & Synthesis      ; baozi            ; Windows 7 ; 6.2        ; x86_64         ;
; Analysis & Synthesis      ; baozi            ; Windows 7 ; 6.2        ; x86_64         ;
; Partition Merge           ; baozi            ; Windows 7 ; 6.2        ; x86_64         ;
; Fitter                    ; baozi            ; Windows 7 ; 6.2        ; x86_64         ;
; Assembler                 ; baozi            ; Windows 7 ; 6.2        ; x86_64         ;
; TimeQuest Timing Analyzer ; baozi            ; Windows 7 ; 6.2        ; x86_64         ;
; EDA Netlist Writer        ; baozi            ; Windows 7 ; 6.2        ; x86_64         ;
; Analysis & Synthesis      ; baozi            ; Windows 7 ; 6.2        ; x86_64         ;
; Analysis & Synthesis      ; baozi            ; Windows 7 ; 6.2        ; x86_64         ;
; Partition Merge           ; baozi            ; Windows 7 ; 6.2        ; x86_64         ;
; Fitter                    ; baozi            ; Windows 7 ; 6.2        ; x86_64         ;
; Assembler                 ; baozi            ; Windows 7 ; 6.2        ; x86_64         ;
; TimeQuest Timing Analyzer ; baozi            ; Windows 7 ; 6.2        ; x86_64         ;
; EDA Netlist Writer        ; baozi            ; Windows 7 ; 6.2        ; x86_64         ;
; Analysis & Synthesis      ; baozi            ; Windows 7 ; 6.2        ; x86_64         ;
; Analysis & Synthesis      ; baozi            ; Windows 7 ; 6.2        ; x86_64         ;
; Partition Merge           ; baozi            ; Windows 7 ; 6.2        ; x86_64         ;
; Fitter                    ; baozi            ; Windows 7 ; 6.2        ; x86_64         ;
; Assembler                 ; baozi            ; Windows 7 ; 6.2        ; x86_64         ;
; TimeQuest Timing Analyzer ; baozi            ; Windows 7 ; 6.2        ; x86_64         ;
; EDA Netlist Writer        ; baozi            ; Windows 7 ; 6.2        ; x86_64         ;
; Analysis & Synthesis      ; baozi            ; Windows 7 ; 6.2        ; x86_64         ;
; Analysis & Synthesis      ; baozi            ; Windows 7 ; 6.2        ; x86_64         ;
; Partition Merge           ; baozi            ; Windows 7 ; 6.2        ; x86_64         ;
; Fitter                    ; baozi            ; Windows 7 ; 6.2        ; x86_64         ;
; Assembler                 ; baozi            ; Windows 7 ; 6.2        ; x86_64         ;
; TimeQuest Timing Analyzer ; baozi            ; Windows 7 ; 6.2        ; x86_64         ;
; EDA Netlist Writer        ; baozi            ; Windows 7 ; 6.2        ; x86_64         ;
+---------------------------+------------------+-----------+------------+----------------+


------------
; Flow Log ;
------------
quartus_map --read_settings_files=on --write_settings_files=off EX_computer1 -c EX_computer1
quartus_fit --read_settings_files=off --write_settings_files=off EX_computer1 -c EX_computer1
quartus_asm --read_settings_files=off --write_settings_files=off EX_computer1 -c EX_computer1
quartus_sta EX_computer1 -c EX_computer1
quartus_eda --read_settings_files=off --write_settings_files=off EX_computer1 -c EX_computer1
quartus_eda --gen_testbench --check_outputs=on --tool=modelsim_oem --format=verilog EX_computer1 -c EX_computer1 --vector_source=D:/altera/13.0/EX_computer1/test_computer.vwf --testbench_file=./simulation/qsim/EX_computer1.vt
quartus_eda --functional=on --simulation=on --tool=modelsim_oem --format=verilog EX_computer1 -c EX_computer1
quartus_eda --gen_testbench --check_outputs=on --tool=modelsim_oem --format=verilog EX_computer1 -c EX_computer1 --vector_source=D:/altera/13.0/EX_computer1/test_computer.vwf --testbench_file=./simulation/qsim/EX_computer1.vt
quartus_eda --functional=on --simulation=on --tool=modelsim_oem --format=verilog EX_computer1 -c EX_computer1
quartus_map --read_settings_files=on --write_settings_files=off EX_computer1 -c EX_computer1
quartus_cdb --read_settings_files=off --write_settings_files=off EX_computer1 -c EX_computer1 --merge=on
quartus_fit --read_settings_files=off --write_settings_files=off EX_computer1 -c EX_computer1
quartus_map --read_settings_files=on --write_settings_files=off EX_computer1 -c EX_computer1
quartus_cdb --read_settings_files=off --write_settings_files=off EX_computer1 -c EX_computer1 --merge=on
quartus_fit --read_settings_files=off --write_settings_files=off EX_computer1 -c EX_computer1
quartus_map --read_settings_files=on --write_settings_files=off EX_computer1 -c EX_computer1
quartus_cdb --read_settings_files=off --write_settings_files=off EX_computer1 -c EX_computer1 --merge=on
quartus_map --read_settings_files=on --write_settings_files=off EX_computer1 -c EX_computer1
quartus_cdb --read_settings_files=off --write_settings_files=off EX_computer1 -c EX_computer1 --merge=on
quartus_fit --read_settings_files=off --write_settings_files=off EX_computer1 -c EX_computer1
quartus_asm --read_settings_files=off --write_settings_files=off EX_computer1 -c EX_computer1
quartus_sta EX_computer1 -c EX_computer1
quartus_eda --read_settings_files=off --write_settings_files=off EX_computer1 -c EX_computer1
quartus_map --read_settings_files=on --write_settings_files=off EX_computer1 -c EX_computer1
quartus_cdb --read_settings_files=off --write_settings_files=off EX_computer1 -c EX_computer1 --merge=on
quartus_fit --read_settings_files=off --write_settings_files=off EX_computer1 -c EX_computer1
quartus_asm --read_settings_files=off --write_settings_files=off EX_computer1 -c EX_computer1
quartus_sta EX_computer1 -c EX_computer1
quartus_eda --read_settings_files=off --write_settings_files=off EX_computer1 -c EX_computer1
quartus_map --read_settings_files=on --write_settings_files=off EX_computer1 -c EX_computer1
quartus_map --read_settings_files=on --write_settings_files=off EX_computer1 -c EX_computer1
quartus_map --read_settings_files=on --write_settings_files=off EX_computer1 -c EX_computer1
quartus_map --read_settings_files=on --write_settings_files=off EX_computer1 -c EX_computer1
quartus_cdb --read_settings_files=off --write_settings_files=off EX_computer1 -c EX_computer1 --merge=on
quartus_fit --read_settings_files=off --write_settings_files=off EX_computer1 -c EX_computer1
quartus_asm --read_settings_files=off --write_settings_files=off EX_computer1 -c EX_computer1
quartus_sta EX_computer1 -c EX_computer1
quartus_eda --read_settings_files=off --write_settings_files=off EX_computer1 -c EX_computer1
quartus_map --read_settings_files=on --write_settings_files=off EX_computer1 -c EX_computer1
quartus_cdb --read_settings_files=off --write_settings_files=off EX_computer1 -c EX_computer1 --merge=on
quartus_fit --read_settings_files=off --write_settings_files=off EX_computer1 -c EX_computer1
quartus_asm --read_settings_files=off --write_settings_files=off EX_computer1 -c EX_computer1
quartus_sta EX_computer1 -c EX_computer1
quartus_eda --read_settings_files=off --write_settings_files=off EX_computer1 -c EX_computer1
quartus_map --read_settings_files=on --write_settings_files=off EX_computer1 -c EX_computer1
quartus_map --read_settings_files=on --write_settings_files=off EX_computer1 -c EX_computer1
quartus_map --read_settings_files=on --write_settings_files=off EX_computer1 -c EX_computer1
quartus_map --read_settings_files=on --write_settings_files=off EX_computer1 -c EX_computer1
quartus_cdb --read_settings_files=off --write_settings_files=off EX_computer1 -c EX_computer1 --merge=on
quartus_fit --read_settings_files=off --write_settings_files=off EX_computer1 -c EX_computer1
quartus_asm --read_settings_files=off --write_settings_files=off EX_computer1 -c EX_computer1
quartus_sta EX_computer1 -c EX_computer1
quartus_eda --read_settings_files=off --write_settings_files=off EX_computer1 -c EX_computer1
quartus_map --read_settings_files=on --write_settings_files=off EX_computer1 -c EX_computer1
quartus_cdb --read_settings_files=off --write_settings_files=off EX_computer1 -c EX_computer1 --merge=on
quartus_fit --read_settings_files=off --write_settings_files=off EX_computer1 -c EX_computer1
quartus_asm --read_settings_files=off --write_settings_files=off EX_computer1 -c EX_computer1
quartus_sta EX_computer1 -c EX_computer1
quartus_eda --read_settings_files=off --write_settings_files=off EX_computer1 -c EX_computer1
quartus_map --read_settings_files=on --write_settings_files=off EX_computer1 -c EX_computer1
quartus_map --read_settings_files=on --write_settings_files=off EX_computer1 -c EX_computer1
quartus_cdb --read_settings_files=off --write_settings_files=off EX_computer1 -c EX_computer1 --merge=on
quartus_fit --read_settings_files=off --write_settings_files=off EX_computer1 -c EX_computer1
quartus_asm --read_settings_files=off --write_settings_files=off EX_computer1 -c EX_computer1
quartus_sta EX_computer1 -c EX_computer1
quartus_eda --read_settings_files=off --write_settings_files=off EX_computer1 -c EX_computer1
quartus_map --read_settings_files=on --write_settings_files=off EX_computer1 -c EX_computer1
quartus_map --read_settings_files=on --write_settings_files=off EX_computer1 -c EX_computer1
quartus_cdb --read_settings_files=off --write_settings_files=off EX_computer1 -c EX_computer1 --merge=on
quartus_fit --read_settings_files=off --write_settings_files=off EX_computer1 -c EX_computer1
quartus_asm --read_settings_files=off --write_settings_files=off EX_computer1 -c EX_computer1
quartus_sta EX_computer1 -c EX_computer1
quartus_eda --read_settings_files=off --write_settings_files=off EX_computer1 -c EX_computer1
quartus_map --read_settings_files=on --write_settings_files=off EX_computer1 -c EX_computer1
quartus_map --read_settings_files=on --write_settings_files=off EX_computer1 -c EX_computer1
quartus_cdb --read_settings_files=off --write_settings_files=off EX_computer1 -c EX_computer1 --merge=on
quartus_fit --read_settings_files=off --write_settings_files=off EX_computer1 -c EX_computer1
quartus_asm --read_settings_files=off --write_settings_files=off EX_computer1 -c EX_computer1
quartus_sta EX_computer1 -c EX_computer1
quartus_eda --read_settings_files=off --write_settings_files=off EX_computer1 -c EX_computer1
quartus_map --read_settings_files=on --write_settings_files=off EX_computer1 -c EX_computer1
quartus_map --read_settings_files=on --write_settings_files=off EX_computer1 -c EX_computer1
quartus_cdb --read_settings_files=off --write_settings_files=off EX_computer1 -c EX_computer1 --merge=on
quartus_fit --read_settings_files=off --write_settings_files=off EX_computer1 -c EX_computer1
quartus_asm --read_settings_files=off --write_settings_files=off EX_computer1 -c EX_computer1
quartus_sta EX_computer1 -c EX_computer1
quartus_eda --read_settings_files=off --write_settings_files=off EX_computer1 -c EX_computer1



